\BOOKMARK [1][-]{section.1}{Objectives and Summary}{}% 1
\BOOKMARK [1][-]{section.2}{Scientific Motivation}{}% 2
\BOOKMARK [2][-]{subsection.2.1}{The high-redshift universe}{section.2}% 3
\BOOKMARK [2][-]{subsection.2.2}{Low-redshift galaxies}{section.2}% 4
\BOOKMARK [2][-]{subsection.2.3}{The Milky Way}{section.2}% 5
\BOOKMARK [2][-]{subsection.2.4}{Connecting galaxies to molecular clouds}{section.2}% 6
\BOOKMARK [2][-]{subsection.2.5}{The origin and amplification of magnetic fields in the universe}{section.2}% 7
\BOOKMARK [1][-]{section.3}{Proposed Work}{}% 8
\BOOKMARK [2][-]{subsection.3.1}{Simulating the Magnetized Universe}{section.3}% 9
\BOOKMARK [3][-]{subsubsection.3.1.1}{Cosmological simulations}{subsection.3.1}% 10
\BOOKMARK [3][-]{subsubsection.3.1.2}{Galactic Simulations}{subsection.3.1}% 11
\BOOKMARK [3][-]{subsubsection.3.1.3}{Computing time}{subsection.3.1}% 12
\BOOKMARK [2][-]{subsection.3.2}{Observational Comparisons}{section.3}% 13
\BOOKMARK [3][-]{subsubsection.3.2.1}{Synthetic Extragalactic Observations}{subsection.3.2}% 14
\BOOKMARK [3][-]{subsubsection.3.2.2}{Synthetic Galactic Observations}{subsection.3.2}% 15
\BOOKMARK [1][-]{section.4}{Tools}{}% 16
\BOOKMARK [1][-]{section.5}{Significance of Proposed Work}{}% 17
\BOOKMARK [1][-]{section.6}{Results from prior NSF Support}{}% 18
\BOOKMARK [1][-]{section.7}{Management plan and timeline}{}% 19
\BOOKMARK [1][-]{section.8}{Intellectual merit and broader impacts}{}% 20
\BOOKMARK [1][-]{section.9}{References}{}% 21
